<?xml version="1.0" encoding="UTF-8"?>
<testsuite xmlns:xsi="http://www.w3.org/2001/XMLSchema-instance" xsi:noNamespaceSchemaLocation="https://maven.apache.org/surefire/maven-surefire-plugin/xsd/surefire-test-report-3.0.xsd" version="3.0" name="com.example.demo.TaskApplicationIntegrationTest" time="7.164" tests="1" errors="0" skipped="0" failures="0">
  <properties>
[...]
</properties>
  <testcase name="savesAndRetrievesTask_withPostgresContainer" classname="com.example.demo.TaskApplicationIntegrationTest" time="0.488">
    <system-out><![CDATA[13:32:46.290 [main] INFO org.springframework.test.context.support.AnnotationConfigContextLoaderUtils -- Could not detect default configuration classes for test class [com.example.demo.TaskApplicationIntegrationTest]: TaskApplicationIntegrationTest does not declare any static, non-private, non-final, nested classes annotated with @Configuration.
13:32:46.402 [main] INFO org.springframework.boot.test.context.SpringBootTestContextBootstrapper -- Found @SpringBootConfiguration com.example.demo.DemoApplication for test class com.example.demo.TaskApplicationIntegrationTest
13:32:46.490 [main] INFO org.testcontainers.images.PullPolicy -- Image pull policy will be performed by: DefaultPullPolicy()
13:32:46.492 [main] INFO org.testcontainers.utility.ImageNameSubstitutor -- Image name substitution will be performed by: DefaultImageNameSubstitutor (composite of 'ConfigurationFileImageNameSubstitutor' and 'PrefixingImageNameSubstitutor')
13:32:46.671 [main] INFO org.testcontainers.dockerclient.DockerClientProviderStrategy -- Loaded org.testcontainers.dockerclient.NpipeSocketClientProviderStrategy from ~/.testcontainers.properties, will try it first
13:32:46.873 [main] INFO org.testcontainers.dockerclient.DockerClientProviderStrategy -- Found Docker environment with local Npipe socket (npipe:////./pipe/docker_engine)
13:32:46.874 [main] INFO org.testcontainers.DockerClientFactory -- Docker host IP address is localhost
13:32:46.896 [main] INFO org.testcontainers.DockerClientFactory -- Connected to docker: 
  Server Version: 28.5.1
  API Version: 1.51
  Operating System: Docker Desktop
  Total Memory: 15835 MB
13:32:46.990 [main] INFO tc.testcontainers/ryuk:0.7.0 -- Creating container for image: testcontainers/ryuk:0.7.0
13:32:47.157 [main] INFO org.testcontainers.utility.RegistryAuthLocator -- Credential helper/store (docker-credential-desktop) does not have credentials for https://index.docker.io/v1/
13:32:47.307 [main] INFO tc.testcontainers/ryuk:0.7.0 -- Container testcontainers/ryuk:0.7.0 is starting: c6b66c79fb69dfdc89cad5a0ba52befd52b8c5b1783ea2e9a92fe8452f6a1c07
13:32:47.769 [main] INFO tc.testcontainers/ryuk:0.7.0 -- Container testcontainers/ryuk:0.7.0 started in PT0.7791154S
13:32:47.778 [main] INFO org.testcontainers.utility.RyukResourceReaper -- Ryuk started - will monitor and terminate Testcontainers containers on JVM exit
13:32:47.778 [main] INFO org.testcontainers.DockerClientFactory -- Checking the system...
13:32:47.779 [main] INFO org.testcontainers.DockerClientFactory -- ✔︎ Docker server version should be at least 1.6.0
13:32:47.779 [main] INFO tc.postgres:16-alpine -- Creating container for image: postgres:16-alpine
13:32:47.884 [main] INFO tc.postgres:16-alpine -- Container postgres:16-alpine is starting: 620f6ed142a27ac8106e713dd8589bbcefa62357d515c3e6b0af6cfeb1a53660
13:32:49.260 [main] INFO tc.postgres:16-alpine -- Container postgres:16-alpine started in PT1.4808072S
13:32:49.261 [main] INFO tc.postgres:16-alpine -- Container is started (JDBC URL: jdbc:postgresql://localhost:52646/test?loggerLevel=OFF)
  .   ____          _            __ _ _
 /\\ / ___'_ __ _ _(_)_ __  __ _ \ \ \ \
( ( )\___ | '_ | '_| | '_ \/ _` | \ \ \ \
 \\/  ___)| |_)| | | | | || (_| |  ) ) ) )
  '  |____| .__|_| |_|_| |_\__, | / / / /
 =========|_|==============|___/=/_/_/_/

 :: Spring Boot ::                (v3.3.0)

2025-10-30T13:32:49.444+01:00  INFO 29040 --- [           main] c.e.demo.TaskApplicationIntegrationTest  : Starting TaskApplicationIntegrationTest using Java 25 with PID 29040 (started by LEnriquez in C:\Spring Boot Luxoft LCE\Samples\Lesson 10)
2025-10-30T13:32:49.445+01:00  INFO 29040 --- [           main] c.e.demo.TaskApplicationIntegrationTest  : No active profile set, falling back to 1 default profile: "default"
2025-10-30T13:32:49.954+01:00  INFO 29040 --- [           main] .s.d.r.c.RepositoryConfigurationDelegate : Bootstrapping Spring Data JPA repositories in DEFAULT mode.
2025-10-30T13:32:50.001+01:00  INFO 29040 --- [           main] .s.d.r.c.RepositoryConfigurationDelegate : Finished Spring Data repository scanning in 41 ms. Found 1 JPA repository interface.
2025-10-30T13:32:50.368+01:00  INFO 29040 --- [           main] o.hibernate.jpa.internal.util.LogHelper  : HHH000204: Processing PersistenceUnitInfo [name: default]
2025-10-30T13:32:50.407+01:00  INFO 29040 --- [           main] org.hibernate.Version                    : HHH000412: Hibernate ORM core version 6.5.2.Final
2025-10-30T13:32:50.431+01:00  INFO 29040 --- [           main] o.h.c.internal.RegionFactoryInitiator    : HHH000026: Second-level cache disabled
2025-10-30T13:32:50.626+01:00  INFO 29040 --- [           main] o.s.o.j.p.SpringPersistenceUnitInfo      : No LoadTimeWeaver setup: ignoring JPA class transformer
2025-10-30T13:32:50.644+01:00  INFO 29040 --- [           main] com.zaxxer.hikari.HikariDataSource       : HikariPool-1 - Starting...
2025-10-30T13:32:50.775+01:00  INFO 29040 --- [           main] com.zaxxer.hikari.pool.HikariPool        : HikariPool-1 - Added connection org.postgresql.jdbc.PgConnection@77a4bac
2025-10-30T13:32:50.777+01:00  INFO 29040 --- [           main] com.zaxxer.hikari.HikariDataSource       : HikariPool-1 - Start completed.
2025-10-30T13:32:50.805+01:00  WARN 29040 --- [           main] org.hibernate.orm.deprecation            : HHH90000025: PostgreSQLDialect does not need to be specified explicitly using 'hibernate.dialect' (remove the property setting and it will be selected by default)
2025-10-30T13:32:51.399+01:00  INFO 29040 --- [           main] o.h.e.t.j.p.i.JtaPlatformInitiator       : HHH000489: No JTA platform available (set 'hibernate.transaction.jta.platform' to enable JTA platform integration)
2025-10-30T13:32:51.416+01:00  WARN 29040 --- [           main] o.h.engine.jdbc.spi.SqlExceptionHelper   : SQL Warning Code: 0, SQLState: 00000
2025-10-30T13:32:51.416+01:00  WARN 29040 --- [           main] o.h.engine.jdbc.spi.SqlExceptionHelper   : table "task" does not exist, skipping
2025-10-30T13:32:51.426+01:00  INFO 29040 --- [           main] j.LocalContainerEntityManagerFactoryBean : Initialized JPA EntityManagerFactory for persistence unit 'default'
2025-10-30T13:32:51.751+01:00  WARN 29040 --- [           main] JpaBaseConfiguration$JpaWebConfiguration : spring.jpa.open-in-view is enabled by default. Therefore, database queries may be performed during view rendering. Explicitly configure spring.jpa.open-in-view to disable this warning
2025-10-30T13:32:51.863+01:00  INFO 29040 --- [           main] r$InitializeUserDetailsManagerConfigurer : Global AuthenticationManager configured with UserDetailsService bean with name userDetailsService
2025-10-30T13:32:52.152+01:00  INFO 29040 --- [           main] o.s.s.web.DefaultSecurityFilterChain     : Will secure any request with [org.springframework.security.web.session.DisableEncodeUrlFilter@384cd83a, org.springframework.security.web.context.request.async.WebAsyncManagerIntegrationFilter@198a653, org.springframework.security.web.context.SecurityContextHolderFilter@5a6f1342, org.springframework.security.web.header.HeaderWriterFilter@3ce067bd, org.springframework.web.filter.CorsFilter@3119fcad, org.springframework.security.web.authentication.logout.LogoutFilter@1315f1d5, org.springframework.security.web.authentication.www.BasicAuthenticationFilter@684a34f4, org.springframework.security.web.savedrequest.RequestCacheAwareFilter@5e9a9683, org.springframework.security.web.servletapi.SecurityContextHolderAwareRequestFilter@12faeada, org.springframework.security.web.authentication.AnonymousAuthenticationFilter@6d7005e2, org.springframework.security.web.access.ExceptionTranslationFilter@58f8ce0f, org.springframework.security.web.access.intercept.AuthorizationFilter@79fbcef4]
2025-10-30T13:32:52.392+01:00  INFO 29040 --- [           main] o.s.b.a.h2.H2ConsoleAutoConfiguration    : H2 console available at '/h2-console'. Database available at 'jdbc:postgresql://localhost:52646/test?loggerLevel=OFF'
2025-10-30T13:32:52.458+01:00  INFO 29040 --- [           main] c.e.demo.TaskApplicationIntegrationTest  : Started TaskApplicationIntegrationTest in 3.17 seconds (process running for 6.723)
]]></system-out>
    <system-err><![CDATA[WARNING: A Java agent has been loaded dynamically (C:\Users\LEnriquez\.m2\repository\net\bytebuddy\byte-buddy-agent\1.14.16\byte-buddy-agent-1.14.16.jar)
WARNING: If a serviceability tool is in use, please run with -XX:+EnableDynamicAgentLoading to hide this warning
WARNING: If a serviceability tool is not in use, please run with -Djdk.instrument.traceUsage for more information
WARNING: Dynamic loading of agents will be disallowed by default in a future release
]]></system-err>
  </testcase>
</testsuite>