<?xml version="1.0" encoding="UTF-8"?>
<testsuite xmlns:xsi="http://www.w3.org/2001/XMLSchema-instance" xsi:noNamespaceSchemaLocation="https://maven.apache.org/surefire/maven-surefire-plugin/xsd/surefire-test-report-3.0.xsd" version="3.0" name="com.example.demo.TaskRepositoryTest" time="1.83" tests="1" errors="0" skipped="0" failures="0">
  <properties>
[...]
</properties>
  <testcase name="findByCompleted_returnsMatchingTasks" classname="com.example.demo.TaskRepositoryTest" time="0.16">
    <system-out><![CDATA[2025-10-30T13:11:07.678+01:00  INFO 21520 --- [           main] t.c.s.AnnotationConfigContextLoaderUtils : Could not detect default configuration classes for test class [com.example.demo.TaskRepositoryTest]: TaskRepositoryTest does not declare any static, non-private, non-final, nested classes annotated with @Configuration.
2025-10-30T13:11:07.694+01:00  INFO 21520 --- [           main] .b.t.c.SpringBootTestContextBootstrapper : Found @SpringBootConfiguration com.example.demo.DemoApplication for test class com.example.demo.TaskRepositoryTest
  .   ____          _            __ _ _
 /\\ / ___'_ __ _ _(_)_ __  __ _ \ \ \ \
( ( )\___ | '_ | '_| | '_ \/ _` | \ \ \ \
 \\/  ___)| |_)| | | | | || (_| |  ) ) ) )
  '  |____| .__|_| |_|_| |_\__, | / / / /
 =========|_|==============|___/=/_/_/_/

 :: Spring Boot ::                (v3.3.0)

2025-10-30T13:11:07.714+01:00  INFO 21520 --- [           main] com.example.demo.TaskRepositoryTest      : Starting TaskRepositoryTest using Java 25 with PID 21520 (started by LEnriquez in C:\Spring Boot Luxoft LCE\Samples\Lesson 10)
2025-10-30T13:11:07.715+01:00  INFO 21520 --- [           main] com.example.demo.TaskRepositoryTest      : No active profile set, falling back to 1 default profile: "default"
2025-10-30T13:11:07.905+01:00  INFO 21520 --- [           main] .s.d.r.c.RepositoryConfigurationDelegate : Bootstrapping Spring Data JPA repositories in DEFAULT mode.
2025-10-30T13:11:07.938+01:00  INFO 21520 --- [           main] .s.d.r.c.RepositoryConfigurationDelegate : Finished Spring Data repository scanning in 27 ms. Found 1 JPA repository interface.
2025-10-30T13:11:07.971+01:00  INFO 21520 --- [           main] beddedDataSourceBeanFactoryPostProcessor : Replacing 'dataSource' DataSource bean with embedded version
2025-10-30T13:11:08.020+01:00  INFO 21520 --- [           main] o.s.j.d.e.EmbeddedDatabaseFactory        : Starting embedded database: url='jdbc:h2:mem:0d188336-b551-478c-aef9-cc9a48ac1f42;DB_CLOSE_DELAY=-1;DB_CLOSE_ON_EXIT=false', username='sa'
2025-10-30T13:11:08.242+01:00  INFO 21520 --- [           main] o.hibernate.jpa.internal.util.LogHelper  : HHH000204: Processing PersistenceUnitInfo [name: default]
2025-10-30T13:11:08.291+01:00  INFO 21520 --- [           main] org.hibernate.Version                    : HHH000412: Hibernate ORM core version 6.5.2.Final
2025-10-30T13:11:08.322+01:00  INFO 21520 --- [           main] o.h.c.internal.RegionFactoryInitiator    : HHH000026: Second-level cache disabled
2025-10-30T13:11:08.425+01:00  INFO 21520 --- [           main] o.s.o.j.p.SpringPersistenceUnitInfo      : No LoadTimeWeaver setup: ignoring JPA class transformer
2025-10-30T13:11:08.461+01:00  WARN 21520 --- [           main] org.hibernate.orm.deprecation            : HHH90000025: H2Dialect does not need to be specified explicitly using 'hibernate.dialect' (remove the property setting and it will be selected by default)
2025-10-30T13:11:08.992+01:00  INFO 21520 --- [           main] o.h.e.t.j.p.i.JtaPlatformInitiator       : HHH000489: No JTA platform available (set 'hibernate.transaction.jta.platform' to enable JTA platform integration)
Hibernate: drop table if exists task cascade 
Hibernate: create table task (completed boolean not null, id bigint generated by default as identity, description varchar(255), primary key (id))
2025-10-30T13:11:09.020+01:00  INFO 21520 --- [           main] j.LocalContainerEntityManagerFactoryBean : Initialized JPA EntityManagerFactory for persistence unit 'default'
2025-10-30T13:11:09.342+01:00  INFO 21520 --- [           main] com.example.demo.TaskRepositoryTest      : Started TaskRepositoryTest in 1.646 seconds (process running for 4.934)
Hibernate: insert into task (completed,description,id) values (?,?,default)
Hibernate: select t1_0.id,t1_0.completed,t1_0.description from task t1_0 where t1_0.completed=?
]]></system-out>
  </testcase>
</testsuite>